{"C:\\Users\\pablo\\GitRepositories\\skylab-bootcamp-202101\\pablo_martinez\\Challenges\\gb-api\\src\\book-details\\book-details.js": {"path":"C:\\Users\\pablo\\GitRepositories\\skylab-bootcamp-202101\\pablo_martinez\\Challenges\\gb-api\\src\\book-details\\book-details.js","statementMap":{"0":{"start":{"line":2,"column":11},"end":{"line":2,"column":43}},"1":{"start":{"line":2,"column":45},"end":{"line":2,"column":64}},"2":{"start":{"line":3,"column":2},"end":{"line":3,"column":13}},"3":{"start":{"line":4,"column":2},"end":{"line":4,"column":12}},"4":{"start":{"line":8,"column":31},"end":{"line":8,"column":69}},"5":{"start":{"line":9,"column":22},"end":{"line":9,"column":54}},"6":{"start":{"line":10,"column":22},"end":{"line":10,"column":70}},"7":{"start":{"line":10,"column":51},"end":{"line":10,"column":69}},"8":{"start":{"line":11,"column":2},"end":{"line":11,"column":21}},"9":{"start":{"line":15,"column":21},"end":{"line":88,"column":6}},"10":{"start":{"line":89,"column":2},"end":{"line":89,"column":69}},"11":{"start":{"line":93,"column":2},"end":{"line":95,"column":3}},"12":{"start":{"line":94,"column":4},"end":{"line":94,"column":51}},"13":{"start":{"line":96,"column":15},"end":{"line":96,"column":27}},"14":{"start":{"line":97,"column":15},"end":{"line":97,"column":45}},"15":{"start":{"line":98,"column":2},"end":{"line":98,"column":45}},"16":{"start":{"line":99,"column":2},"end":{"line":99,"column":25}},"17":{"start":{"line":100,"column":2},"end":{"line":100,"column":34}},"18":{"start":{"line":102,"column":16},"end":{"line":102,"column":44}},"19":{"start":{"line":103,"column":2},"end":{"line":103,"column":28}},"20":{"start":{"line":104,"column":2},"end":{"line":104,"column":24}},"21":{"start":{"line":105,"column":2},"end":{"line":105,"column":42}},"22":{"start":{"line":106,"column":2},"end":{"line":106,"column":26}},"23":{"start":{"line":108,"column":22},"end":{"line":108,"column":51}},"24":{"start":{"line":109,"column":2},"end":{"line":109,"column":40}},"25":{"start":{"line":110,"column":2},"end":{"line":110,"column":36}},"26":{"start":{"line":111,"column":2},"end":{"line":111,"column":32}},"27":{"start":{"line":113,"column":16},"end":{"line":113,"column":45}},"28":{"start":{"line":114,"column":2},"end":{"line":114,"column":28}},"29":{"start":{"line":115,"column":2},"end":{"line":115,"column":24}},"30":{"start":{"line":116,"column":2},"end":{"line":116,"column":112}},"31":{"start":{"line":117,"column":2},"end":{"line":117,"column":33}},"32":{"start":{"line":119,"column":27},"end":{"line":119,"column":56}},"33":{"start":{"line":120,"column":2},"end":{"line":120,"column":50}},"34":{"start":{"line":121,"column":2},"end":{"line":121,"column":46}},"35":{"start":{"line":122,"column":2},"end":{"line":122,"column":44}},"36":{"start":{"line":124,"column":22},"end":{"line":124,"column":51}},"37":{"start":{"line":125,"column":2},"end":{"line":125,"column":40}},"38":{"start":{"line":126,"column":2},"end":{"line":126,"column":36}},"39":{"start":{"line":127,"column":2},"end":{"line":127,"column":44}},"40":{"start":{"line":129,"column":17},"end":{"line":129,"column":45}},"41":{"start":{"line":130,"column":2},"end":{"line":130,"column":30}},"42":{"start":{"line":131,"column":2},"end":{"line":131,"column":26}},"43":{"start":{"line":132,"column":2},"end":{"line":132,"column":92}},"44":{"start":{"line":133,"column":2},"end":{"line":133,"column":34}},"45":{"start":{"line":135,"column":20},"end":{"line":135,"column":47}},"46":{"start":{"line":136,"column":2},"end":{"line":136,"column":36}},"47":{"start":{"line":137,"column":2},"end":{"line":137,"column":32}},"48":{"start":{"line":138,"column":2},"end":{"line":138,"column":79}},"49":{"start":{"line":139,"column":2},"end":{"line":139,"column":30}},"50":{"start":{"line":140,"column":2},"end":{"line":140,"column":37}},"51":{"start":{"line":142,"column":24},"end":{"line":142,"column":53}},"52":{"start":{"line":143,"column":2},"end":{"line":143,"column":44}},"53":{"start":{"line":144,"column":2},"end":{"line":144,"column":40}},"54":{"start":{"line":145,"column":2},"end":{"line":145,"column":43}},"55":{"start":{"line":146,"column":2},"end":{"line":146,"column":39}},"56":{"start":{"line":148,"column":20},"end":{"line":148,"column":47}},"57":{"start":{"line":149,"column":2},"end":{"line":149,"column":36}},"58":{"start":{"line":150,"column":2},"end":{"line":150,"column":32}},"59":{"start":{"line":151,"column":2},"end":{"line":151,"column":78}},"60":{"start":{"line":152,"column":2},"end":{"line":152,"column":30}},"61":{"start":{"line":153,"column":2},"end":{"line":153,"column":37}},"62":{"start":{"line":155,"column":24},"end":{"line":155,"column":53}},"63":{"start":{"line":156,"column":2},"end":{"line":156,"column":44}},"64":{"start":{"line":157,"column":2},"end":{"line":157,"column":40}},"65":{"start":{"line":158,"column":2},"end":{"line":158,"column":47}},"66":{"start":{"line":159,"column":2},"end":{"line":159,"column":39}},"67":{"start":{"line":161,"column":21},"end":{"line":161,"column":48}},"68":{"start":{"line":162,"column":2},"end":{"line":162,"column":38}},"69":{"start":{"line":163,"column":2},"end":{"line":163,"column":34}},"70":{"start":{"line":164,"column":2},"end":{"line":164,"column":52}},"71":{"start":{"line":165,"column":2},"end":{"line":165,"column":38}},"72":{"start":{"line":167,"column":21},"end":{"line":167,"column":50}},"73":{"start":{"line":168,"column":2},"end":{"line":168,"column":38}},"74":{"start":{"line":169,"column":2},"end":{"line":169,"column":34}},"75":{"start":{"line":170,"column":2},"end":{"line":170,"column":39}},"76":{"start":{"line":171,"column":2},"end":{"line":171,"column":37}},"77":{"start":{"line":173,"column":27},"end":{"line":173,"column":55}},"78":{"start":{"line":174,"column":2},"end":{"line":174,"column":50}},"79":{"start":{"line":175,"column":2},"end":{"line":175,"column":46}},"80":{"start":{"line":176,"column":2},"end":{"line":176,"column":124}},"81":{"start":{"line":177,"column":2},"end":{"line":177,"column":49}},"82":{"start":{"line":179,"column":27},"end":{"line":179,"column":56}},"83":{"start":{"line":180,"column":2},"end":{"line":180,"column":50}},"84":{"start":{"line":181,"column":2},"end":{"line":181,"column":46}},"85":{"start":{"line":182,"column":2},"end":{"line":182,"column":37}},"86":{"start":{"line":184,"column":15},"end":{"line":184,"column":43}},"87":{"start":{"line":185,"column":2},"end":{"line":185,"column":26}},"88":{"start":{"line":186,"column":2},"end":{"line":186,"column":22}},"89":{"start":{"line":187,"column":2},"end":{"line":187,"column":152}},"90":{"start":{"line":188,"column":2},"end":{"line":188,"column":37}},"91":{"start":{"line":190,"column":16},"end":{"line":190,"column":44}},"92":{"start":{"line":191,"column":2},"end":{"line":191,"column":28}},"93":{"start":{"line":192,"column":2},"end":{"line":192,"column":24}},"94":{"start":{"line":193,"column":2},"end":{"line":193,"column":136}},"95":{"start":{"line":194,"column":2},"end":{"line":194,"column":38}},"96":{"start":{"line":196,"column":23},"end":{"line":196,"column":51}},"97":{"start":{"line":197,"column":2},"end":{"line":197,"column":42}},"98":{"start":{"line":198,"column":2},"end":{"line":198,"column":38}},"99":{"start":{"line":199,"column":2},"end":{"line":199,"column":136}},"100":{"start":{"line":200,"column":2},"end":{"line":200,"column":45}},"101":{"start":{"line":202,"column":24},"end":{"line":202,"column":52}},"102":{"start":{"line":203,"column":2},"end":{"line":203,"column":44}},"103":{"start":{"line":204,"column":2},"end":{"line":204,"column":40}},"104":{"start":{"line":205,"column":2},"end":{"line":205,"column":142}},"105":{"start":{"line":206,"column":2},"end":{"line":206,"column":46}},"106":{"start":{"line":209,"column":0},"end":{"line":211,"column":2}}},"fnMap":{"0":{"name":"getIdfromWindowLocation","decl":{"start":{"line":1,"column":9},"end":{"line":1,"column":32}},"loc":{"start":{"line":1,"column":50},"end":{"line":5,"column":1}},"line":1},"1":{"name":"catchSelectedBook","decl":{"start":{"line":7,"column":9},"end":{"line":7,"column":26}},"loc":{"start":{"line":7,"column":35},"end":{"line":12,"column":1}},"line":7},"2":{"name":"(anonymous_2)","decl":{"start":{"line":10,"column":41},"end":{"line":10,"column":42}},"loc":{"start":{"line":10,"column":51},"end":{"line":10,"column":69}},"line":10},"3":{"name":"mockLocalstorageJest","decl":{"start":{"line":14,"column":9},"end":{"line":14,"column":29}},"loc":{"start":{"line":14,"column":32},"end":{"line":90,"column":1}},"line":14},"4":{"name":"buildBookDetails","decl":{"start":{"line":92,"column":9},"end":{"line":92,"column":25}},"loc":{"start":{"line":92,"column":37},"end":{"line":207,"column":1}},"line":92}},"branchMap":{"0":{"loc":{"start":{"line":93,"column":2},"end":{"line":95,"column":3}},"type":"if","locations":[{"start":{"line":93,"column":2},"end":{"line":95,"column":3}},{"start":{"line":93,"column":2},"end":{"line":95,"column":3}}],"line":93},"1":{"loc":{"start":{"line":116,"column":14},"end":{"line":116,"column":111}},"type":"cond-expr","locations":[{"start":{"line":116,"column":45},"end":{"line":116,"column":81}},{"start":{"line":116,"column":84},"end":{"line":116,"column":111}}],"line":116},"2":{"loc":{"start":{"line":132,"column":21},"end":{"line":132,"column":91}},"type":"cond-expr","locations":[{"start":{"line":132,"column":49},"end":{"line":132,"column":72}},{"start":{"line":132,"column":75},"end":{"line":132,"column":91}}],"line":132},"3":{"loc":{"start":{"line":176,"column":31},"end":{"line":176,"column":123}},"type":"cond-expr","locations":[{"start":{"line":176,"column":63},"end":{"line":176,"column":90}},{"start":{"line":176,"column":93},"end":{"line":176,"column":123}}],"line":176},"4":{"loc":{"start":{"line":187,"column":19},"end":{"line":187,"column":151}},"type":"cond-expr","locations":[{"start":{"line":187,"column":53},"end":{"line":187,"column":115}},{"start":{"line":187,"column":118},"end":{"line":187,"column":151}}],"line":187},"5":{"loc":{"start":{"line":193,"column":20},"end":{"line":193,"column":135}},"type":"cond-expr","locations":[{"start":{"line":193,"column":50},"end":{"line":193,"column":99}},{"start":{"line":193,"column":102},"end":{"line":193,"column":135}}],"line":193},"6":{"loc":{"start":{"line":199,"column":27},"end":{"line":199,"column":135}},"type":"cond-expr","locations":[{"start":{"line":199,"column":56},"end":{"line":199,"column":106}},{"start":{"line":199,"column":109},"end":{"line":199,"column":135}}],"line":199},"7":{"loc":{"start":{"line":205,"column":28},"end":{"line":205,"column":141}},"type":"cond-expr","locations":[{"start":{"line":205,"column":58},"end":{"line":205,"column":111}},{"start":{"line":205,"column":114},"end":{"line":205,"column":141}}],"line":205}},"s":{"0":1,"1":1,"2":1,"3":1,"4":1,"5":1,"6":1,"7":1,"8":1,"9":1,"10":1,"11":11,"12":10,"13":11,"14":11,"15":11,"16":11,"17":11,"18":11,"19":11,"20":11,"21":11,"22":11,"23":11,"24":11,"25":11,"26":11,"27":11,"28":11,"29":11,"30":11,"31":11,"32":11,"33":11,"34":11,"35":11,"36":11,"37":11,"38":11,"39":11,"40":11,"41":11,"42":11,"43":11,"44":11,"45":11,"46":11,"47":11,"48":11,"49":11,"50":11,"51":11,"52":11,"53":11,"54":11,"55":11,"56":11,"57":11,"58":11,"59":11,"60":11,"61":11,"62":11,"63":11,"64":11,"65":11,"66":11,"67":11,"68":11,"69":11,"70":11,"71":11,"72":11,"73":11,"74":11,"75":11,"76":11,"77":11,"78":11,"79":11,"80":11,"81":11,"82":11,"83":11,"84":11,"85":11,"86":11,"87":11,"88":11,"89":11,"90":11,"91":11,"92":11,"93":11,"94":11,"95":11,"96":11,"97":11,"98":11,"99":11,"100":11,"101":11,"102":11,"103":11,"104":11,"105":11,"106":1},"f":{"0":1,"1":1,"2":1,"3":1,"4":11},"b":{"0":[10,1],"1":[5,6],"2":[4,7],"3":[6,5],"4":[7,4],"5":[8,3],"6":[9,2],"7":[10,1]},"_coverageSchema":"1a1c01bbd47fc00a2c39e90264f33305004495a9","hash":"e875f077db10f026719d9fdb88809881d7fc32b4"}
,"C:\\Users\\pablo\\GitRepositories\\skylab-bootcamp-202101\\pablo_martinez\\Challenges\\gb-api\\src\\dashboard\\dashboard.js": {"path":"C:\\Users\\pablo\\GitRepositories\\skylab-bootcamp-202101\\pablo_martinez\\Challenges\\gb-api\\src\\dashboard\\dashboard.js","statementMap":{"0":{"start":{"line":2,"column":2},"end":{"line":2,"column":64}},"1":{"start":{"line":3,"column":2},"end":{"line":5,"column":3}},"2":{"start":{"line":4,"column":4},"end":{"line":4,"column":57}},"3":{"start":{"line":7,"column":15},"end":{"line":7,"column":52}},"4":{"start":{"line":8,"column":23},"end":{"line":8,"column":52}},"5":{"start":{"line":9,"column":2},"end":{"line":9,"column":43}},"6":{"start":{"line":10,"column":2},"end":{"line":10,"column":39}},"7":{"start":{"line":11,"column":2},"end":{"line":11,"column":33}},"8":{"start":{"line":13,"column":2},"end":{"line":46,"column":5}},"9":{"start":{"line":14,"column":19},"end":{"line":14,"column":46}},"10":{"start":{"line":15,"column":4},"end":{"line":15,"column":75}},"11":{"start":{"line":16,"column":4},"end":{"line":16,"column":41}},"12":{"start":{"line":17,"column":4},"end":{"line":17,"column":48}},"13":{"start":{"line":18,"column":4},"end":{"line":18,"column":37}},"14":{"start":{"line":20,"column":18},"end":{"line":20,"column":47}},"15":{"start":{"line":21,"column":4},"end":{"line":21,"column":124}},"16":{"start":{"line":22,"column":4},"end":{"line":22,"column":38}},"17":{"start":{"line":23,"column":4},"end":{"line":23,"column":34}},"18":{"start":{"line":24,"column":4},"end":{"line":24,"column":30}},"19":{"start":{"line":26,"column":26},"end":{"line":26,"column":55}},"20":{"start":{"line":27,"column":4},"end":{"line":27,"column":57}},"21":{"start":{"line":28,"column":4},"end":{"line":28,"column":38}},"22":{"start":{"line":30,"column":18},"end":{"line":30,"column":46}},"23":{"start":{"line":31,"column":4},"end":{"line":31,"column":35}},"24":{"start":{"line":32,"column":4},"end":{"line":32,"column":53}},"25":{"start":{"line":33,"column":4},"end":{"line":33,"column":49}},"26":{"start":{"line":34,"column":4},"end":{"line":34,"column":37}},"27":{"start":{"line":36,"column":19},"end":{"line":36,"column":47}},"28":{"start":{"line":37,"column":4},"end":{"line":37,"column":38}},"29":{"start":{"line":38,"column":4},"end":{"line":38,"column":58}},"30":{"start":{"line":39,"column":4},"end":{"line":39,"column":107}},"31":{"start":{"line":40,"column":4},"end":{"line":40,"column":38}},"32":{"start":{"line":42,"column":22},"end":{"line":42,"column":51}},"33":{"start":{"line":43,"column":4},"end":{"line":43,"column":57}},"34":{"start":{"line":44,"column":4},"end":{"line":44,"column":38}},"35":{"start":{"line":45,"column":4},"end":{"line":45,"column":40}},"36":{"start":{"line":50,"column":11},"end":{"line":50,"column":43}},"37":{"start":{"line":50,"column":45},"end":{"line":50,"column":64}},"38":{"start":{"line":51,"column":2},"end":{"line":51,"column":13}},"39":{"start":{"line":52,"column":2},"end":{"line":52,"column":12}},"40":{"start":{"line":56,"column":15},"end":{"line":56,"column":52}},"41":{"start":{"line":57,"column":22},"end":{"line":57,"column":51}},"42":{"start":{"line":58,"column":2},"end":{"line":58,"column":41}},"43":{"start":{"line":59,"column":2},"end":{"line":59,"column":37}},"44":{"start":{"line":60,"column":2},"end":{"line":60,"column":32}},"45":{"start":{"line":62,"column":17},"end":{"line":62,"column":46}},"46":{"start":{"line":63,"column":2},"end":{"line":63,"column":27}},"47":{"start":{"line":64,"column":2},"end":{"line":64,"column":35}},"48":{"start":{"line":65,"column":2},"end":{"line":65,"column":34}},"49":{"start":{"line":67,"column":28},"end":{"line":67,"column":57}},"50":{"start":{"line":68,"column":2},"end":{"line":68,"column":52}},"51":{"start":{"line":69,"column":2},"end":{"line":69,"column":48}},"52":{"start":{"line":70,"column":2},"end":{"line":70,"column":45}},"53":{"start":{"line":72,"column":20},"end":{"line":72,"column":51}},"54":{"start":{"line":73,"column":2},"end":{"line":73,"column":37}},"55":{"start":{"line":74,"column":2},"end":{"line":74,"column":33}},"56":{"start":{"line":75,"column":2},"end":{"line":75,"column":63}},"57":{"start":{"line":76,"column":2},"end":{"line":76,"column":43}},"58":{"start":{"line":78,"column":21},"end":{"line":78,"column":50}},"59":{"start":{"line":79,"column":2},"end":{"line":79,"column":39}},"60":{"start":{"line":80,"column":2},"end":{"line":80,"column":40}},"61":{"start":{"line":81,"column":2},"end":{"line":81,"column":38}},"62":{"start":{"line":82,"column":2},"end":{"line":82,"column":44}},"63":{"start":{"line":84,"column":17},"end":{"line":84,"column":46}},"64":{"start":{"line":85,"column":2},"end":{"line":85,"column":27}},"65":{"start":{"line":86,"column":2},"end":{"line":86,"column":35}},"66":{"start":{"line":87,"column":2},"end":{"line":87,"column":34}},"67":{"start":{"line":89,"column":2},"end":{"line":92,"column":3}},"68":{"start":{"line":90,"column":4},"end":{"line":90,"column":65}},"69":{"start":{"line":91,"column":4},"end":{"line":91,"column":21}},"70":{"start":{"line":96,"column":19},"end":{"line":96,"column":59}},"71":{"start":{"line":97,"column":2},"end":{"line":97,"column":50}},"72":{"start":{"line":98,"column":16},"end":{"line":98,"column":44}},"73":{"start":{"line":99,"column":25},"end":{"line":99,"column":43}},"74":{"start":{"line":101,"column":2},"end":{"line":101,"column":66}},"75":{"start":{"line":101,"column":36},"end":{"line":101,"column":64}},"76":{"start":{"line":105,"column":2},"end":{"line":109,"column":3}},"77":{"start":{"line":105,"column":15},"end":{"line":105,"column":16}},"78":{"start":{"line":106,"column":4},"end":{"line":108,"column":5}},"79":{"start":{"line":107,"column":6},"end":{"line":107,"column":38}},"80":{"start":{"line":110,"column":2},"end":{"line":110,"column":15}},"81":{"start":{"line":114,"column":26},"end":{"line":114,"column":74}},"82":{"start":{"line":115,"column":20},"end":{"line":115,"column":51}},"83":{"start":{"line":116,"column":2},"end":{"line":116,"column":19}},"84":{"start":{"line":120,"column":25},"end":{"line":120,"column":75}},"85":{"start":{"line":120,"column":59},"end":{"line":120,"column":74}},"86":{"start":{"line":121,"column":2},"end":{"line":121,"column":24}},"87":{"start":{"line":125,"column":15},"end":{"line":125,"column":45}},"88":{"start":{"line":126,"column":2},"end":{"line":126,"column":25}},"89":{"start":{"line":127,"column":15},"end":{"line":127,"column":55}},"90":{"start":{"line":128,"column":2},"end":{"line":128,"column":25}},"91":{"start":{"line":132,"column":15},"end":{"line":132,"column":55}},"92":{"start":{"line":133,"column":2},"end":{"line":133,"column":22}},"93":{"start":{"line":136,"column":0},"end":{"line":138,"column":2}}},"fnMap":{"0":{"name":"buildSearchResults","decl":{"start":{"line":1,"column":9},"end":{"line":1,"column":27}},"loc":{"start":{"line":1,"column":51},"end":{"line":47,"column":1}},"line":1},"1":{"name":"(anonymous_1)","decl":{"start":{"line":13,"column":16},"end":{"line":13,"column":17}},"loc":{"start":{"line":13,"column":38},"end":{"line":46,"column":3}},"line":13},"2":{"name":"getNamefromWindowLocation","decl":{"start":{"line":49,"column":9},"end":{"line":49,"column":34}},"loc":{"start":{"line":49,"column":52},"end":{"line":53,"column":1}},"line":49},"3":{"name":"createSearchpanel","decl":{"start":{"line":55,"column":9},"end":{"line":55,"column":26}},"loc":{"start":{"line":55,"column":29},"end":{"line":93,"column":1}},"line":55},"4":{"name":"askGoogleBooks","decl":{"start":{"line":95,"column":9},"end":{"line":95,"column":23}},"loc":{"start":{"line":95,"column":26},"end":{"line":102,"column":1}},"line":95},"5":{"name":"(anonymous_5)","decl":{"start":{"line":101,"column":22},"end":{"line":101,"column":23}},"loc":{"start":{"line":101,"column":36},"end":{"line":101,"column":64}},"line":101},"6":{"name":"formatTextSearch","decl":{"start":{"line":104,"column":9},"end":{"line":104,"column":25}},"loc":{"start":{"line":104,"column":33},"end":{"line":111,"column":1}},"line":104},"7":{"name":"defineAPIrequest","decl":{"start":{"line":113,"column":9},"end":{"line":113,"column":25}},"loc":{"start":{"line":113,"column":41},"end":{"line":117,"column":1}},"line":113},"8":{"name":"fetchGoogle","decl":{"start":{"line":119,"column":9},"end":{"line":119,"column":20}},"loc":{"start":{"line":119,"column":30},"end":{"line":122,"column":1}},"line":119},"9":{"name":"(anonymous_9)","decl":{"start":{"line":120,"column":45},"end":{"line":120,"column":46}},"loc":{"start":{"line":120,"column":59},"end":{"line":120,"column":74}},"line":120},"10":{"name":"createVirtualMainJest","decl":{"start":{"line":124,"column":9},"end":{"line":124,"column":30}},"loc":{"start":{"line":124,"column":33},"end":{"line":129,"column":1}},"line":124},"11":{"name":"cleanVirtualMainJest","decl":{"start":{"line":131,"column":9},"end":{"line":131,"column":29}},"loc":{"start":{"line":131,"column":32},"end":{"line":134,"column":1}},"line":131}},"branchMap":{"0":{"loc":{"start":{"line":3,"column":2},"end":{"line":5,"column":3}},"type":"if","locations":[{"start":{"line":3,"column":2},"end":{"line":5,"column":3}},{"start":{"line":3,"column":2},"end":{"line":5,"column":3}}],"line":3},"1":{"loc":{"start":{"line":21,"column":16},"end":{"line":21,"column":123}},"type":"cond-expr","locations":[{"start":{"line":21,"column":52},"end":{"line":21,"column":93}},{"start":{"line":21,"column":96},"end":{"line":21,"column":123}}],"line":21},"2":{"loc":{"start":{"line":39,"column":23},"end":{"line":39,"column":106}},"type":"cond-expr","locations":[{"start":{"line":39,"column":56},"end":{"line":39,"column":84}},{"start":{"line":39,"column":87},"end":{"line":39,"column":106}}],"line":39},"3":{"loc":{"start":{"line":89,"column":2},"end":{"line":92,"column":3}},"type":"if","locations":[{"start":{"line":89,"column":2},"end":{"line":92,"column":3}},{"start":{"line":89,"column":2},"end":{"line":92,"column":3}}],"line":89},"4":{"loc":{"start":{"line":106,"column":4},"end":{"line":108,"column":5}},"type":"if","locations":[{"start":{"line":106,"column":4},"end":{"line":108,"column":5}},{"start":{"line":106,"column":4},"end":{"line":108,"column":5}}],"line":106}},"s":{"0":9,"1":9,"2":1,"3":9,"4":9,"5":9,"6":9,"7":9,"8":9,"9":8,"10":8,"11":8,"12":8,"13":8,"14":8,"15":8,"16":8,"17":8,"18":8,"19":8,"20":8,"21":8,"22":8,"23":8,"24":8,"25":8,"26":8,"27":8,"28":8,"29":8,"30":8,"31":8,"32":8,"33":8,"34":8,"35":8,"36":2,"37":2,"38":2,"39":2,"40":4,"41":4,"42":4,"43":4,"44":4,"45":4,"46":4,"47":4,"48":4,"49":4,"50":4,"51":4,"52":4,"53":4,"54":4,"55":4,"56":4,"57":4,"58":4,"59":4,"60":4,"61":4,"62":4,"63":4,"64":4,"65":4,"66":4,"67":4,"68":1,"69":1,"70":1,"71":1,"72":1,"73":1,"74":1,"75":1,"76":2,"77":2,"78":30,"79":3,"80":2,"81":2,"82":2,"83":2,"84":3,"85":3,"86":3,"87":15,"88":15,"89":15,"90":15,"91":15,"92":15,"93":1},"f":{"0":9,"1":8,"2":2,"3":4,"4":1,"5":1,"6":2,"7":2,"8":3,"9":3,"10":15,"11":15},"b":{"0":[1,8],"1":[6,2],"2":[7,1],"3":[1,3],"4":[3,27]},"_coverageSchema":"1a1c01bbd47fc00a2c39e90264f33305004495a9","hash":"72bc5f40a8dae532bf8c17b76e7f7bd5cd10926a"}
}
