TN:
SF:src\book-details\book-details.js
FN:1,getIdfromWindowLocation
FN:7,catchSelectedBook
FN:10,(anonymous_2)
FN:14,mockLocalstorageJest
FN:92,buildBookDetails
FNF:5
FNH:5
FNDA:1,getIdfromWindowLocation
FNDA:1,catchSelectedBook
FNDA:1,(anonymous_2)
FNDA:1,mockLocalstorageJest
FNDA:11,buildBookDetails
DA:2,1
DA:3,1
DA:4,1
DA:8,1
DA:9,1
DA:10,1
DA:11,1
DA:15,1
DA:89,1
DA:93,11
DA:94,10
DA:96,11
DA:97,11
DA:98,11
DA:99,11
DA:100,11
DA:102,11
DA:103,11
DA:104,11
DA:105,11
DA:106,11
DA:108,11
DA:109,11
DA:110,11
DA:111,11
DA:113,11
DA:114,11
DA:115,11
DA:116,11
DA:117,11
DA:119,11
DA:120,11
DA:121,11
DA:122,11
DA:124,11
DA:125,11
DA:126,11
DA:127,11
DA:129,11
DA:130,11
DA:131,11
DA:132,11
DA:133,11
DA:135,11
DA:136,11
DA:137,11
DA:138,11
DA:139,11
DA:140,11
DA:142,11
DA:143,11
DA:144,11
DA:145,11
DA:146,11
DA:148,11
DA:149,11
DA:150,11
DA:151,11
DA:152,11
DA:153,11
DA:155,11
DA:156,11
DA:157,11
DA:158,11
DA:159,11
DA:161,11
DA:162,11
DA:163,11
DA:164,11
DA:165,11
DA:167,11
DA:168,11
DA:169,11
DA:170,11
DA:171,11
DA:173,11
DA:174,11
DA:175,11
DA:176,11
DA:177,11
DA:179,11
DA:180,11
DA:181,11
DA:182,11
DA:184,11
DA:185,11
DA:186,11
DA:187,11
DA:188,11
DA:190,11
DA:191,11
DA:192,11
DA:193,11
DA:194,11
DA:196,11
DA:197,11
DA:198,11
DA:199,11
DA:200,11
DA:202,11
DA:203,11
DA:204,11
DA:205,11
DA:206,11
DA:209,1
LF:105
LH:105
BRDA:93,0,0,10
BRDA:93,0,1,1
BRDA:116,1,0,5
BRDA:116,1,1,6
BRDA:132,2,0,4
BRDA:132,2,1,7
BRDA:176,3,0,6
BRDA:176,3,1,5
BRDA:187,4,0,7
BRDA:187,4,1,4
BRDA:193,5,0,8
BRDA:193,5,1,3
BRDA:199,6,0,9
BRDA:199,6,1,2
BRDA:205,7,0,10
BRDA:205,7,1,1
BRF:16
BRH:16
end_of_record
TN:
SF:src\dashboard\dashboard.js
FN:1,buildSearchResults
FN:13,(anonymous_1)
FN:49,getNamefromWindowLocation
FN:55,createSearchpanel
FN:95,askGoogleBooks
FN:101,(anonymous_5)
FN:104,formatTextSearch
FN:113,defineAPIrequest
FN:119,fetchGoogle
FN:120,(anonymous_9)
FN:124,createVirtualMainJest
FN:131,cleanVirtualMainJest
FNF:12
FNH:12
FNDA:9,buildSearchResults
FNDA:8,(anonymous_1)
FNDA:2,getNamefromWindowLocation
FNDA:4,createSearchpanel
FNDA:1,askGoogleBooks
FNDA:1,(anonymous_5)
FNDA:2,formatTextSearch
FNDA:2,defineAPIrequest
FNDA:3,fetchGoogle
FNDA:3,(anonymous_9)
FNDA:15,createVirtualMainJest
FNDA:15,cleanVirtualMainJest
DA:2,9
DA:3,9
DA:4,1
DA:7,9
DA:8,9
DA:9,9
DA:10,9
DA:11,9
DA:13,9
DA:14,8
DA:15,8
DA:16,8
DA:17,8
DA:18,8
DA:20,8
DA:21,8
DA:22,8
DA:23,8
DA:24,8
DA:26,8
DA:27,8
DA:28,8
DA:30,8
DA:31,8
DA:32,8
DA:33,8
DA:34,8
DA:36,8
DA:37,8
DA:38,8
DA:39,8
DA:40,8
DA:42,8
DA:43,8
DA:44,8
DA:45,8
DA:50,2
DA:51,2
DA:52,2
DA:56,4
DA:57,4
DA:58,4
DA:59,4
DA:60,4
DA:62,4
DA:63,4
DA:64,4
DA:65,4
DA:67,4
DA:68,4
DA:69,4
DA:70,4
DA:72,4
DA:73,4
DA:74,4
DA:75,4
DA:76,4
DA:78,4
DA:79,4
DA:80,4
DA:81,4
DA:82,4
DA:84,4
DA:85,4
DA:86,4
DA:87,4
DA:89,4
DA:90,1
DA:91,1
DA:96,1
DA:97,1
DA:98,1
DA:99,1
DA:101,1
DA:105,2
DA:106,30
DA:107,3
DA:110,2
DA:114,2
DA:115,2
DA:116,2
DA:120,3
DA:121,3
DA:125,15
DA:126,15
DA:127,15
DA:128,15
DA:132,15
DA:133,15
DA:136,1
LF:90
LH:90
BRDA:3,0,0,1
BRDA:3,0,1,8
BRDA:21,1,0,6
BRDA:21,1,1,2
BRDA:39,2,0,7
BRDA:39,2,1,1
BRDA:89,3,0,1
BRDA:89,3,1,3
BRDA:106,4,0,3
BRDA:106,4,1,27
BRF:10
BRH:10
end_of_record
